<?xml version="1.0" encoding="UTF-8"?>
<!-- Generated by org.testng.reporters.JUnitReportReporter -->
<testsuite hostname="DESKTOP-QDFUCU0" failures="0" tests="1" name="POMwithoutAnnotations.Loginwithoutfindby" time="13.571" errors="0" timestamp="2024-02-20T21:28:48 IST" skipped="0">
  <testcase classname="POMwithoutAnnotations.Loginwithoutfindby" name="logint" time="13.571"/>
  <system-out/>
</testsuite> <!-- POMwithoutAnnotations.Loginwithoutfindby -->
