<?xml version="1.0" encoding="UTF-8"?>
<!-- Generated by org.testng.reporters.JUnitReportReporter -->
<testsuite hostname="DESKTOP-QDFUCU0" failures="0" tests="1" name="TestCases.LoginPagefactory" time="13.588" errors="0" timestamp="2024-02-28T20:55:34 IST" skipped="0">
  <testcase classname="TestCases.LoginPagefactory" name="logint" time="13.588"/>
  <system-out/>
</testsuite> <!-- TestCases.LoginPagefactory -->
