<?xml version="1.0" encoding="UTF-8"?>
<!-- Generated by org.testng.reporters.JUnitReportReporter -->
<testsuite hostname="DESKTOP-QDFUCU0" failures="0" tests="1" name="TestCases.Update" time="19.370" errors="0" timestamp="2024-02-20T20:35:33 IST" skipped="0">
  <testcase classname="TestCases.Update" name="update" time="19.370"/>
  <system-out/>
</testsuite> <!-- TestCases.Update -->
