<?xml version="1.0" encoding="UTF-8"?>
<!-- Generated by org.testng.reporters.JUnitReportReporter -->
<testsuite hostname="DESKTOP-QDFUCU0" failures="0" tests="1" name="TestCases.UpdatePagefactory" time="19.321" errors="0" timestamp="2024-02-20T21:11:26 IST" skipped="0">
  <testcase classname="TestCases.UpdatePagefactory" name="logint" time="19.321"/>
  <system-out/>
</testsuite> <!-- TestCases.UpdatePagefactory -->
